<?xml version="1.0" encoding="UTF-8"?>
<testng-results ignored="0" total="2" passed="2" failed="0" skipped="0">
  <reporter-output>
  </reporter-output>
  <suite started-at="2021-12-27T00:08:49 IST" name="Default suite" finished-at="2021-12-27T00:08:49 IST" duration-ms="121">
    <groups>
    </groups>
    <test started-at="2021-12-27T00:08:49 IST" name="Default test" finished-at="2021-12-27T00:08:49 IST" duration-ms="121">
      <class name="testNG.AssertionExample">
        <test-method signature="checkBooleanValue()[pri:0, instance:testNG.AssertionExample@e350b40]" started-at="2021-12-27T00:08:49 IST" name="checkBooleanValue" finished-at="2021-12-27T00:08:49 IST" duration-ms="23" status="PASS">
          <reporter-output>
          </reporter-output>
        </test-method> <!-- checkBooleanValue -->
        <test-method signature="checkName()[pri:0, instance:testNG.AssertionExample@e350b40]" started-at="2021-12-27T00:08:49 IST" name="checkName" finished-at="2021-12-27T00:08:49 IST" duration-ms="3" status="PASS">
          <reporter-output>
          </reporter-output>
        </test-method> <!-- checkName -->
      </class> <!-- testNG.AssertionExample -->
    </test> <!-- Default test -->
  </suite> <!-- Default suite -->
</testng-results>
